Logging to: /home/hle5/sensorIL/logs/ablation_sensor_n3_b5_10_15_all_20260524_155335.log
Started: 2026-05-24T15:53:35.234406

======================================================================
  Running n_base=3: 20 configs
======================================================================

[1/20] 
──────────────────────────────────────────────────────────────────────
  LW_RW_RT__plus_RWa
  Base: ['LeftWrist', 'RightWrist', 'RightThigh'] → New: ['RightWaist']
──────────────────────────────────────────────────────────────────────
  [cached] base checkpoint
Loaded SimCLR encoder from /home/hle5/sensorIL/models/20260320-130313_simclr.pt | frozen | dim=96
[SensorDataset:val] 976 windows | 40 classes | sensors=['LeftWrist', 'RightWrist', 'RightThigh']
[SensorDataset:val] 976 windows | 40 classes | sensors=['LeftWrist', 'RightWrist', 'RightThigh', 'RightWaist']

============================================================
Step 2: Detecting confused classes
============================================================
Loaded SimCLR encoder from /home/hle5/sensorIL/models/20260320-130313_simclr.pt | frozen | dim=96
[SensorDataset:val] 976 windows | 40 classes | sensors=['LeftWrist', 'RightWrist', 'RightThigh']

Base model val — Macro F1: 0.3389 | Weighted F1: 0.3236

Class                                               F1  Confusion  Confused with
──────────────────────────────────────────────────────────────────────────────────────────
Walking                                          0.168        257   Standing_With_Movement(1)
Standing_With_Movement                           0.160        147   Sitting_With_Movement(5), Standing_Still(2)
Standing_Still                                   0.047        121   Lying_On_Left_Side_Lab(13), Standing_With_Movement(6)
Sitting_With_Movement                            0.195         80   Lying_On_Back_Lab(3), Lying_On_Stomach_Lab(1)
Sitting_Still                                    0.515         47   Sitting_With_Movement(2)
Lying_On_Left_Side_Lab                           0.635         23   Standing_With_Movement(3), Stand_Conversation_Lab(2)
Lying_On_Back_Lab                                0.814         11   Sitting_Still(1), Standing_With_Movement(1)
Stand_Conversation_Lab                           0.278          6   Lying_On_Back_Lab(1), Sitting_With_Movement(1)
Lying_On_Stomach_Lab                             0.945          3   Sitting_With_Movement(1)
Sit_Recline_Talk_Lab                             0.071          3   Standing_With_Movement(2), Stand_Conversation_Lab(1)
Sit_Writing_Lab                                  0.000          3   Standing_Still(2), Stand_Conversation_Lab(1)
Sweeping                                         0.000          3   Standing_Still(2), Folding_Clothes(1)
Ab_Crunches_Lab                                  0.933          2   
Sit_Recline_Web_Browse_Lab                       0.000          2   Standing_With_Movement(1)
Folding_Clothes                                  0.194          1   
Sit_Typing_Lab                                   0.634          1   
Stationary_Biking_300_Lab                        0.981          1   Walking(1)
Arm_Curls_Lab                                    0.000          0   
Chopping_Food_Lab                                0.875          0   
Lying_On_Right_Side_Lab                          1.000          0   
Machine_Chest_Press_Lab                          0.923          0   
Machine_Leg_Press_Lab                            0.000          0   
Organizing_Shelf_Cabinet                         0.000          0   
Playing_Frisbee                                  0.138          0   
Push_Up_Lab                                      1.000          0   
Stand_Shelf_Load_Lab                             0.000          0   
Stand_Shelf_Unload_Lab                           0.091          0   
Treadmill_2mph_Lab                               0.579          0   
Treadmill_3mph_Briefcase_Lab                     0.138          0   
Treadmill_3mph_Conversation_Lab                  0.000          0   
Treadmill_3mph_Drink_Lab                         0.000          0   
Treadmill_3mph_Free_Walk_Lab                     0.000          0   
Treadmill_3mph_Hands_Pockets_Lab                 0.000          0   
Treadmill_3mph_Phone_Lab                         0.000          0   
Treadmill_4mph_Lab                               0.800          0   
Treadmill_5_5mph_Lab                             0.000          0   
Vacuuming                                        0.071          0   
Walking_Down_Stairs                              0.615          0   
Walking_Up_Stairs                                0.138          0   
Washing_Dishes_Lab                               0.615          0   

Top 15 confused classes: ['Walking', 'Standing_With_Movement', 'Standing_Still', 'Sitting_With_Movement', 'Sitting_Still', 'Lying_On_Left_Side_Lab', 'Lying_On_Back_Lab', 'Stand_Conversation_Lab', 'Lying_On_Stomach_Lab', 'Sit_Recline_Talk_Lab', 'Sit_Writing_Lab', 'Sweeping', 'Ab_Crunches_Lab', 'Sit_Recline_Web_Browse_Lab', 'Folding_Clothes']

============================================================
Step 3: Estimating benefit of new sensor
============================================================
Loaded SimCLR encoder from /home/hle5/sensorIL/models/20260320-130313_simclr.pt | frozen | dim=96
Encoding FL data with known sensors (pseudo-labeling)...
[UnlabeledFLDataset] 437247 windows | sensors=['LeftWrist', 'RightWrist', 'RightThigh']
Encoding FL data with new sensor only (discriminability)...
[UnlabeledFLDataset] 437247 windows | sensors=['RightWaist']
Pseudo-labeling FL data...
  Ab_Crunches_Lab                               pseudo_labeled=457
  Arm_Curls_Lab                                 pseudo_labeled=301
  Chopping_Food_Lab                             pseudo_labeled=3211
  Folding_Clothes                               pseudo_labeled=3870
  Lying_On_Left_Side_Lab                        pseudo_labeled=905
  Lying_On_Right_Side_Lab                       pseudo_labeled=603
  Lying_On_Stomach_Lab                          pseudo_labeled=2689
  Machine_Chest_Press_Lab                       pseudo_labeled=54
  Machine_Leg_Press_Lab                         pseudo_labeled=310
  Organizing_Shelf_Cabinet                      pseudo_labeled=164
  Playing_Frisbee                               pseudo_labeled=428
  Push_Up_Lab                                   pseudo_labeled=116
  Sit_Recline_Talk_Lab                          pseudo_labeled=16
  Sit_Recline_Web_Browse_Lab                    pseudo_labeled=481
  Sit_Typing_Lab                                pseudo_labeled=4625
  Sit_Writing_Lab                               pseudo_labeled=398
  Sitting_Still                                 pseudo_labeled=58107
  Sitting_With_Movement                         pseudo_labeled=63737
  Stand_Conversation_Lab                        pseudo_labeled=2768
  Stand_Shelf_Load_Lab                          pseudo_labeled=137
  Stand_Shelf_Unload_Lab                        pseudo_labeled=208
  Standing_Still                                pseudo_labeled=24608
  Standing_With_Movement                        pseudo_labeled=30883
  Stationary_Biking_300_Lab                     pseudo_labeled=1312
  Sweeping                                      pseudo_labeled=238
  Treadmill_2mph_Lab                            pseudo_labeled=3019
  Treadmill_3mph_Briefcase_Lab                  pseudo_labeled=498
  Treadmill_3mph_Conversation_Lab               pseudo_labeled=90
  Treadmill_3mph_Drink_Lab                      pseudo_labeled=1405
  Treadmill_3mph_Free_Walk_Lab                  pseudo_labeled=1547
  Treadmill_3mph_Hands_Pockets_Lab              pseudo_labeled=132
  Treadmill_3mph_Phone_Lab                      pseudo_labeled=172
  Treadmill_4mph_Lab                            pseudo_labeled=4357
  Treadmill_5_5mph_Lab                          pseudo_labeled=52
  Vacuuming                                     pseudo_labeled=334
  Walking                                       pseudo_labeled=26191
  Walking_Down_Stairs                           pseudo_labeled=2883
  Walking_Up_Stairs                             pseudo_labeled=666
  Washing_Dishes_Lab                            pseudo_labeled=7511

Class                                             1-F1    Discrim    Benefit
────────────────────────────────────────────────────────────────────────────
Sit_Recline_Web_Browse_Lab                       1.000     0.5705     1.5705
Walking                                          0.832     0.4202     1.2520
Sit_Recline_Talk_Lab                             0.929     0.3156     1.2441
Standing_With_Movement                           0.840     0.3504     1.1904
Sweeping                                         1.000     0.1720     1.1720
Sit_Writing_Lab                                  1.000     0.1433     1.1433
Standing_Still                                   0.953     0.1087     1.0615
Arm_Curls_Lab                                    1.000     0.0000     1.0000
Machine_Leg_Press_Lab                            1.000     0.0000     1.0000
Organizing_Shelf_Cabinet                         1.000     0.0000     1.0000
Stand_Shelf_Load_Lab                             1.000     0.0000     1.0000
Treadmill_3mph_Conversation_Lab                  1.000     0.0000     1.0000
Treadmill_3mph_Drink_Lab                         1.000     0.0000     1.0000
Treadmill_3mph_Free_Walk_Lab                     1.000     0.0000     1.0000
Treadmill_3mph_Hands_Pockets_Lab                 1.000     0.0000     1.0000
Treadmill_3mph_Phone_Lab                         1.000     0.0000     1.0000
Treadmill_5_5mph_Lab                             1.000     0.0000     1.0000
Sitting_With_Movement                            0.805     0.1402     0.9455
Vacuuming                                        0.929     0.0000     0.9286
Stand_Shelf_Unload_Lab                           0.909     0.0000     0.9091
Playing_Frisbee                                  0.862     0.0000     0.8621
Treadmill_3mph_Briefcase_Lab                     0.862     0.0000     0.8621
Walking_Up_Stairs                                0.862     0.0000     0.8621
Folding_Clothes                                  0.806     0.0000     0.8065
Stand_Conversation_Lab                           0.722     0.0834     0.8056
Lying_On_Left_Side_Lab                           0.365     0.1435     0.5086
Lying_On_Back_Lab                                0.186     0.0000     0.4908
Sitting_Still                                    0.485     0.0005     0.4850
Treadmill_2mph_Lab                               0.421     0.0000     0.4211
Walking_Down_Stairs                              0.385     0.0000     0.3846
Washing_Dishes_Lab                               0.385     0.0000     0.3846
Sit_Typing_Lab                                   0.366     0.0000     0.3659
Stationary_Biking_300_Lab                        0.019     0.2221     0.2409
Treadmill_4mph_Lab                               0.200     0.0000     0.2000
Chopping_Food_Lab                                0.125     0.0000     0.1250
Machine_Chest_Press_Lab                          0.077     0.0000     0.0769
Lying_On_Stomach_Lab                             0.055     0.0151     0.0696
Ab_Crunches_Lab                                  0.067     0.0000     0.0667
Lying_On_Right_Side_Lab                          0.000     0.0000     0.0000
Push_Up_Lab                                      0.000     0.0000     0.0000

Elbow at rank 8 (score=1.0000)
All candidates (38): ['Sit_Recline_Web_Browse_Lab', 'Walking', 'Sit_Recline_Talk_Lab', 'Standing_With_Movement', 'Sweeping', 'Sit_Writing_Lab', 'Standing_Still', 'Arm_Curls_Lab', 'Machine_Leg_Press_Lab', 'Organizing_Shelf_Cabinet', 'Stand_Shelf_Load_Lab', 'Treadmill_3mph_Conversation_Lab', 'Treadmill_3mph_Drink_Lab', 'Treadmill_3mph_Free_Walk_Lab', 'Treadmill_3mph_Hands_Pockets_Lab', 'Treadmill_3mph_Phone_Lab', 'Treadmill_5_5mph_Lab', 'Sitting_With_Movement', 'Vacuuming', 'Stand_Shelf_Unload_Lab', 'Playing_Frisbee', 'Treadmill_3mph_Briefcase_Lab', 'Walking_Up_Stairs', 'Folding_Clothes', 'Stand_Conversation_Lab', 'Lying_On_Left_Side_Lab', 'Lying_On_Back_Lab', 'Sitting_Still', 'Treadmill_2mph_Lab', 'Walking_Down_Stairs', 'Washing_Dishes_Lab', 'Sit_Typing_Lab', 'Stationary_Biking_300_Lab', 'Treadmill_4mph_Lab', 'Chopping_Food_Lab', 'Machine_Chest_Press_Lab', 'Lying_On_Stomach_Lab', 'Ab_Crunches_Lab']
Elbow selection (8): ['Sit_Recline_Web_Browse_Lab', 'Walking', 'Sit_Recline_Talk_Lab', 'Standing_With_Movement', 'Sweeping', 'Sit_Writing_Lab', 'Standing_Still', 'Arm_Curls_Lab']
  Elbow classes (8): ['Sit_Recline_Web_Browse_Lab', 'Walking', 'Sit_Recline_Talk_Lab', 'Standing_With_Movement', 'Sweeping', 'Sit_Writing_Lab', 'Standing_Still', 'Arm_Curls_Lab']
  All candidates (38): ['Sit_Recline_Web_Browse_Lab', 'Walking', 'Sit_Recline_Talk_Lab', 'Standing_With_Movement', 'Sweeping', 'Sit_Writing_Lab', 'Standing_Still', 'Arm_Curls_Lab', 'Machine_Leg_Press_Lab', 'Organizing_Shelf_Cabinet', 'Stand_Shelf_Load_Lab', 'Treadmill_3mph_Conversation_Lab', 'Treadmill_3mph_Drink_Lab', 'Treadmill_3mph_Free_Walk_Lab', 'Treadmill_3mph_Hands_Pockets_Lab', 'Treadmill_3mph_Phone_Lab', 'Treadmill_5_5mph_Lab', 'Sitting_With_Movement', 'Vacuuming', 'Stand_Shelf_Unload_Lab', 'Playing_Frisbee', 'Treadmill_3mph_Briefcase_Lab', 'Walking_Up_Stairs', 'Folding_Clothes', 'Stand_Conversation_Lab', 'Lying_On_Left_Side_Lab', 'Lying_On_Back_Lab', 'Sitting_Still', 'Treadmill_2mph_Lab', 'Walking_Down_Stairs', 'Washing_Dishes_Lab', 'Sit_Typing_Lab', 'Stationary_Biking_300_Lab', 'Treadmill_4mph_Lab', 'Chopping_Food_Lab', 'Machine_Chest_Press_Lab', 'Lying_On_Stomach_Lab', 'Ab_Crunches_Lab']
  [cached] oracle checkpoint
Loaded SimCLR encoder from /home/hle5/sensorIL/models/20260320-130313_simclr.pt | frozen | dim=96
[SensorDataset:val] 976 windows | 40 classes | sensors=['LeftWrist', 'RightWrist', 'RightThigh']
[SensorDataset:val] 976 windows | 40 classes | sensors=['LeftWrist', 'RightWrist', 'RightThigh', 'RightWaist']
Loaded SimCLR encoder from /home/hle5/sensorIL/models/20260320-130313_simclr.pt | frozen | dim=96
[SensorDataset:all] 10673 windows | 40 classes | sensors=['LeftWrist', 'RightWrist', 'RightThigh']
[SensorDataset:all] 10673 windows | 40 classes | sensors=['LeftWrist', 'RightWrist', 'RightThigh', 'RightWaist']

Building FL index (once for all budgets)...
Loaded SimCLR encoder from /home/hle5/sensorIL/models/20260320-130313_simclr.pt | frozen | dim=96
  Encoding FL data with known sensors...
[UnlabeledFLDataset] 437247 windows | sensors=['LeftWrist', 'RightWrist', 'RightThigh']
  Encoding FL data with all sensors...
[UnlabeledFLDataset] 437247 windows | sensors=['LeftWrist', 'RightWrist', 'RightThigh', 'RightWaist']
  Pseudo-labeling FL data with base classifiers (vectorized)...
  Pseudo-labeled: 40/40 classes present in FL data
  Top-5 pseudo-labeled classes:
    Sitting_Still                                 116472
    Sitting_With_Movement                         110828
    Standing_With_Movement                        53603
    Standing_Still                                31181
    Walking                                       26817
  Shared pool size: 3517

  Budget=5 (5 classes): ['Sit_Recline_Web_Browse_Lab', 'Walking', 'Sit_Recline_Talk_Lab', 'Standing_With_Movement', 'Sweeping']

============================================================
Step 5: Incremental fine-tuning
============================================================
Target classes (5): ['Sit_Recline_Web_Browse_Lab', 'Walking', 'Sit_Recline_Talk_Lab', 'Standing_With_Movement', 'Sweeping']
Loaded SimCLR encoder from /home/hle5/sensorIL/models/20260320-130313_simclr.pt | frozen | dim=96
  [cached] FL pseudo-label index

Encoding new labeled data (n+1 sensors)...
[SensorDataset:train] 315 windows | 5 classes | sensors=['LeftWrist', 'RightWrist', 'RightThigh', 'RightWaist']
[SensorDataset:val] 135 windows | 5 classes | sensors=['LeftWrist', 'RightWrist', 'RightThigh', 'RightWaist']

Saved → /home/hle5/sensorIL/checkpoints/incremental_classifiers.pt
Loaded SimCLR encoder from /home/hle5/sensorIL/models/20260320-130313_simclr.pt | frozen | dim=96
[SensorDataset:val] 976 windows | 40 classes | sensors=['LeftWrist', 'RightWrist', 'RightThigh']
[SensorDataset:val] 976 windows | 40 classes | sensors=['LeftWrist', 'RightWrist', 'RightThigh', 'RightWaist']

====================================================================================================
  Per-class F1 comparison  (5 classes re-labeled for Proposed)
====================================================================================================
  Activity                                       Baseline  Proposed    Oracle   Δ Prop   Δ Orac  Target
  ───────────────────────────────────────────── ───────── ───────── ───────── ──────── ────────  ──────
  Ab_Crunches_Lab                                   0.850     0.850     0.960   +0.000   +0.110       
  Arm_Curls_Lab                                     0.700     0.700     0.977   +0.000   +0.277       
  Chopping_Food_Lab                                 0.782     0.782     0.763   +0.000   -0.019       
  Folding_Clothes                                   0.790     0.790     0.820   +0.000   +0.031       
  Lying_On_Back_Lab                                 0.526     0.526     0.513   +0.000   -0.013       
  Lying_On_Left_Side_Lab                            0.453     0.453     0.603   +0.000   +0.150       
  Lying_On_Right_Side_Lab                           0.880     0.880     0.866   +0.000   -0.014       
  Lying_On_Stomach_Lab                              0.817     0.817     0.858   +0.000   +0.041       
  Machine_Chest_Press_Lab                           0.980     0.980     1.000   +0.000   +0.020       
  Machine_Leg_Press_Lab                             0.960     0.960     0.923   +0.000   -0.037       
  Organizing_Shelf_Cabinet                          0.858     0.858     0.862   +0.000   +0.004       
  Playing_Frisbee                                   0.916     0.916     0.757   +0.000   -0.159       
  Push_Up_Lab                                       0.871     0.871     0.818   +0.000   -0.053       
  Sit_Recline_Talk_Lab                              0.443     0.675     0.532   +0.232   +0.088  ◀◀◀  
  Sit_Recline_Web_Browse_Lab                        0.266     0.489     0.319   +0.222   +0.053  ◀◀◀  
  Sit_Typing_Lab                                    0.802     0.802     0.777   +0.000   -0.025       
  Sit_Writing_Lab                                   0.445     0.445     0.449   +0.000   +0.004       
  Sitting_Still                                     0.809     0.809     0.840   +0.000   +0.031       
  Sitting_With_Movement                             0.745     0.745     0.728   +0.000   -0.016       
  Stand_Conversation_Lab                            0.244     0.244     0.214   +0.000   -0.029       
  Stand_Shelf_Load_Lab                              0.759     0.759     0.831   +0.000   +0.072       
  Stand_Shelf_Unload_Lab                            0.823     0.823     0.805   +0.000   -0.018       
  Standing_Still                                    0.574     0.574     0.546   +0.000   -0.028       
  Standing_With_Movement                            0.717     0.694     0.617   -0.023   -0.100  ◀◀◀  
  Stationary_Biking_300_Lab                         0.996     0.996     1.000   +0.000   +0.004       
  Sweeping                                          0.859     0.726     0.837   -0.133   -0.022  ◀◀◀  
  Treadmill_2mph_Lab                                0.903     0.903     0.877   +0.000   -0.025       
  Treadmill_3mph_Briefcase_Lab                      0.959     0.959     0.950   +0.000   -0.009       
  Treadmill_3mph_Conversation_Lab                   0.589     0.589     0.642   +0.000   +0.053       
  Treadmill_3mph_Drink_Lab                          1.000     1.000     1.000   +0.000   +0.000       
  Treadmill_3mph_Free_Walk_Lab                      0.941     0.941     0.954   +0.000   +0.013       
  Treadmill_3mph_Hands_Pockets_Lab                  1.000     1.000     0.960   +0.000   -0.040       
  Treadmill_3mph_Phone_Lab                          0.819     0.819     0.863   +0.000   +0.044       
  Treadmill_4mph_Lab                                0.954     0.954     0.973   +0.000   +0.019       
  Treadmill_5_5mph_Lab                              1.000     1.000     1.000   +0.000   +0.000       
  Vacuuming                                         0.712     0.712     0.709   +0.000   -0.003       
  Walking                                           0.956     0.957     0.958   +0.001   +0.002  ◀◀◀  
  Walking_Down_Stairs                               0.933     0.933     0.905   +0.000   -0.028       
  Walking_Up_Stairs                                 0.830     0.830     0.877   +0.000   +0.047       
  Washing_Dishes_Lab                                0.690     0.690     0.719   +0.000   +0.030       
  ───────────────────────────────────────────── ───────── ───────── ───────── ──────── ────────
  MACRO F1                                         0.7787    0.7862    0.7901  +0.0075  +0.0114
  WEIGHTED F1                                      0.7830    0.7822    0.7595  -0.0008  -0.0235
====================================================================================================
  → Budget=5 | Baseline=0.7787 | Proposed=0.7862 (+0.0075) | Oracle=0.7901 (+0.0114) | %Oracle=144.7%

  Budget=10 (10 classes): ['Sit_Recline_Web_Browse_Lab', 'Walking', 'Sit_Recline_Talk_Lab', 'Standing_With_Movement', 'Sweeping', 'Sit_Writing_Lab', 'Standing_Still', 'Arm_Curls_Lab', 'Machine_Leg_Press_Lab', 'Organizing_Shelf_Cabinet']

============================================================
Step 5: Incremental fine-tuning
============================================================
Target classes (10): ['Sit_Recline_Web_Browse_Lab', 'Walking', 'Sit_Recline_Talk_Lab', 'Standing_With_Movement', 'Sweeping', 'Sit_Writing_Lab', 'Standing_Still', 'Arm_Curls_Lab', 'Machine_Leg_Press_Lab', 'Organizing_Shelf_Cabinet']
Loaded SimCLR encoder from /home/hle5/sensorIL/models/20260320-130313_simclr.pt | frozen | dim=96
  [cached] FL pseudo-label index

Encoding new labeled data (n+1 sensors)...
[SensorDataset:train] 545 windows | 10 classes | sensors=['LeftWrist', 'RightWrist', 'RightThigh', 'RightWaist']
[SensorDataset:val] 232 windows | 10 classes | sensors=['LeftWrist', 'RightWrist', 'RightThigh', 'RightWaist']

Saved → /home/hle5/sensorIL/checkpoints/incremental_classifiers.pt
Loaded SimCLR encoder from /home/hle5/sensorIL/models/20260320-130313_simclr.pt | frozen | dim=96
[SensorDataset:val] 976 windows | 40 classes | sensors=['LeftWrist', 'RightWrist', 'RightThigh']
[SensorDataset:val] 976 windows | 40 classes | sensors=['LeftWrist', 'RightWrist', 'RightThigh', 'RightWaist']

====================================================================================================
  Per-class F1 comparison  (10 classes re-labeled for Proposed)
====================================================================================================
  Activity                                       Baseline  Proposed    Oracle   Δ Prop   Δ Orac  Target
  ───────────────────────────────────────────── ───────── ───────── ───────── ──────── ────────  ──────
  Ab_Crunches_Lab                                   0.850     0.850     0.960   +0.000   +0.110       
  Arm_Curls_Lab                                     0.700     0.977     0.977   +0.277   +0.277  ◀◀◀  
  Chopping_Food_Lab                                 0.782     0.782     0.763   +0.000   -0.019       
  Folding_Clothes                                   0.790     0.790     0.820   +0.000   +0.031       
  Lying_On_Back_Lab                                 0.526     0.526     0.513   +0.000   -0.013       
  Lying_On_Left_Side_Lab                            0.453     0.453     0.603   +0.000   +0.150       
  Lying_On_Right_Side_Lab                           0.880     0.880     0.866   +0.000   -0.014       
  Lying_On_Stomach_Lab                              0.817     0.817     0.858   +0.000   +0.041       
  Machine_Chest_Press_Lab                           0.980     0.980     1.000   +0.000   +0.020       
  Machine_Leg_Press_Lab                             0.960     1.000     0.923   +0.040   -0.037  ◀◀◀  
  Organizing_Shelf_Cabinet                          0.858     0.644     0.862   -0.214   +0.004  ◀◀◀  
  Playing_Frisbee                                   0.916     0.916     0.757   +0.000   -0.159       
  Push_Up_Lab                                       0.871     0.871     0.818   +0.000   -0.053       
  Sit_Recline_Talk_Lab                              0.443     0.527     0.532   +0.084   +0.088  ◀◀◀  
  Sit_Recline_Web_Browse_Lab                        0.266     0.601     0.319   +0.335   +0.053  ◀◀◀  
  Sit_Typing_Lab                                    0.802     0.802     0.777   +0.000   -0.025       
  Sit_Writing_Lab                                   0.445     0.691     0.449   +0.246   +0.004  ◀◀◀  
  Sitting_Still                                     0.809     0.809     0.840   +0.000   +0.031       
  Sitting_With_Movement                             0.745     0.745     0.728   +0.000   -0.016       
  Stand_Conversation_Lab                            0.244     0.244     0.214   +0.000   -0.029       
  Stand_Shelf_Load_Lab                              0.759     0.759     0.831   +0.000   +0.072       
  Stand_Shelf_Unload_Lab                            0.823     0.823     0.805   +0.000   -0.018       
  Standing_Still                                    0.574     0.479     0.546   -0.095   -0.028  ◀◀◀  
  Standing_With_Movement                            0.717     0.633     0.617   -0.084   -0.100  ◀◀◀  
  Stationary_Biking_300_Lab                         0.996     0.996     1.000   +0.000   +0.004       
  Sweeping                                          0.859     0.777     0.837   -0.082   -0.022  ◀◀◀  
  Treadmill_2mph_Lab                                0.903     0.903     0.877   +0.000   -0.025       
  Treadmill_3mph_Briefcase_Lab                      0.959     0.959     0.950   +0.000   -0.009       
  Treadmill_3mph_Conversation_Lab                   0.589     0.589     0.642   +0.000   +0.053       
  Treadmill_3mph_Drink_Lab                          1.000     1.000     1.000   +0.000   +0.000       
  Treadmill_3mph_Free_Walk_Lab                      0.941     0.941     0.954   +0.000   +0.013       
  Treadmill_3mph_Hands_Pockets_Lab                  1.000     1.000     0.960   +0.000   -0.040       
  Treadmill_3mph_Phone_Lab                          0.819     0.819     0.863   +0.000   +0.044       
  Treadmill_4mph_Lab                                0.954     0.954     0.973   +0.000   +0.019       
  Treadmill_5_5mph_Lab                              1.000     1.000     1.000   +0.000   +0.000       
  Vacuuming                                         0.712     0.712     0.709   +0.000   -0.003       
  Walking                                           0.956     0.959     0.958   +0.003   +0.002  ◀◀◀  
  Walking_Down_Stairs                               0.933     0.933     0.905   +0.000   -0.028       
  Walking_Up_Stairs                                 0.830     0.830     0.877   +0.000   +0.047       
  Washing_Dishes_Lab                                0.690     0.690     0.719   +0.000   +0.030       
  ───────────────────────────────────────────── ───────── ───────── ───────── ──────── ────────
  MACRO F1                                         0.7787    0.7915    0.7901  +0.0127  +0.0114
  WEIGHTED F1                                      0.7830    0.7662    0.7595  -0.0168  -0.0235
====================================================================================================
  → Budget=10 | Baseline=0.7787 | Proposed=0.7915 (+0.0127) | Oracle=0.7901 (+0.0114) | %Oracle=107.9%

  Budget=15 (15 classes): ['Sit_Recline_Web_Browse_Lab', 'Walking', 'Sit_Recline_Talk_Lab', 'Standing_With_Movement', 'Sweeping', 'Sit_Writing_Lab', 'Standing_Still', 'Arm_Curls_Lab', 'Machine_Leg_Press_Lab', 'Organizing_Shelf_Cabinet', 'Stand_Shelf_Load_Lab', 'Treadmill_3mph_Conversation_Lab', 'Treadmill_3mph_Drink_Lab', 'Treadmill_3mph_Free_Walk_Lab', 'Treadmill_3mph_Hands_Pockets_Lab']

============================================================
Step 5: Incremental fine-tuning
============================================================
Target classes (15): ['Sit_Recline_Web_Browse_Lab', 'Walking', 'Sit_Recline_Talk_Lab', 'Standing_With_Movement', 'Sweeping', 'Sit_Writing_Lab', 'Standing_Still', 'Arm_Curls_Lab', 'Machine_Leg_Press_Lab', 'Organizing_Shelf_Cabinet', 'Stand_Shelf_Load_Lab', 'Treadmill_3mph_Conversation_Lab', 'Treadmill_3mph_Drink_Lab', 'Treadmill_3mph_Free_Walk_Lab', 'Treadmill_3mph_Hands_Pockets_Lab']
Loaded SimCLR encoder from /home/hle5/sensorIL/models/20260320-130313_simclr.pt | frozen | dim=96
  [cached] FL pseudo-label index

Encoding new labeled data (n+1 sensors)...
[SensorDataset:train] 842 windows | 15 classes | sensors=['LeftWrist', 'RightWrist', 'RightThigh', 'RightWaist']
[SensorDataset:val] 359 windows | 15 classes | sensors=['LeftWrist', 'RightWrist', 'RightThigh', 'RightWaist']
