Logging to: /home/hle5/sensorIL/logs/ablation_sensor_n1_b5_10_15_all_20260524_132837.log
Started: 2026-05-24T13:28:37.740960

======================================================================
  Running n_base=1: 20 configs
======================================================================

[1/20] 
──────────────────────────────────────────────────────────────────────
  LW__plus_RW
  Base: ['LeftWrist'] → New: ['RightWrist']
──────────────────────────────────────────────────────────────────────
  [cached] base checkpoint
Loaded SimCLR encoder from /home/hle5/sensorIL/models/20260320-130313_simclr.pt | frozen | dim=96
[SensorDataset:val] 450 windows | 40 classes | sensors=['LeftWrist']
[SensorDataset:val] 450 windows | 40 classes | sensors=['LeftWrist', 'RightWrist']

============================================================
Step 2: Detecting confused classes
============================================================
Loaded SimCLR encoder from /home/hle5/sensorIL/models/20260320-130313_simclr.pt | frozen | dim=96
[SensorDataset:val] 450 windows | 40 classes | sensors=['LeftWrist']
  81/450 windows had no classifier fire above threshold

Base model val — Macro F1: 0.2347 | Weighted F1: 0.2183

Class                                                  F1  Confusion  Confused with
──────────────────────────────────────────────────────────────────────────────────────────
Lying_On_Back_Lab                                   0.000         12  
Lying_On_Right_Side_Lab                             0.000         12  Sitting_With_Movement(1)
Machine_Leg_Press_Lab                               0.000          7  
Sit_Writing_Lab                                     0.000         12  Standing_With_Movement(2), Standing_Still(1), Vacuuming(1)
Stand_Conversation_Lab                              0.000         12  Sitting_Still(3), Sitting_With_Movement(3), Walking(3)
Stand_Shelf_Load_Lab                                0.000          5  Walking(3)
Standing_Still                                      0.000         12  Standing_With_Movement(1)
Sweeping                                            0.000          7  Standing_Still(1), Vacuuming(1)
Treadmill_2mph_Lab                                  0.000          3  Standing_With_Movement(2), Vacuuming(1)
Treadmill_3mph_Briefcase_Lab                        0.000          7  
Treadmill_3mph_Conversation_Lab                     0.000          9  
Treadmill_3mph_Drink_Lab                            0.000         12  Treadmill_3mph_Phone_Lab(1)
Treadmill_3mph_Free_Walk_Lab                        0.000         12  
Treadmill_3mph_Hands_Pockets_Lab                    0.000          0  
Treadmill_3mph_Phone_Lab                            0.000          2  
Treadmill_4mph_Lab                                  0.000          2  Stand_Shelf_Load_Lab(1), Standing_Still(1), Standing_With_Movement(1)
Treadmill_5_5mph_Lab                                0.000          0  
Walking_Up_Stairs                                   0.000          1  
Standing_With_Movement                              0.035         11  Standing_Still(2), Sitting_With_Movement(2), Sitting_Still(1)
Walking                                             0.144          0  
Folding_Clothes                                     0.154          5  Standing_With_Movement(2), Walking(1), Vacuuming(1)
Lying_On_Left_Side_Lab                              0.154         11  Standing_Still(1)
Sit_Recline_Talk_Lab                                0.154         11  Standing_With_Movement(1)
Sit_Recline_Web_Browse_Lab                          0.154          9  
Walking_Down_Stairs                                 0.154          2  Standing_Still(1), Standing_With_Movement(1)
Sitting_With_Movement                               0.182          5  Lying_On_Right_Side_Lab(1), Washing_Dishes_Lab(1)
Vacuuming                                           0.235          3  Washing_Dishes_Lab(1)
Stand_Shelf_Unload_Lab                              0.286          2  Walking(1)
Machine_Chest_Press_Lab                             0.333          1  
Sitting_Still                                       0.349          1  
Organizing_Shelf_Cabinet                            0.400          5  Walking(2)
Chopping_Food_Lab                                   0.500          7  Washing_Dishes_Lab(1)
Playing_Frisbee                                     0.588          6  Vacuuming(1), Standing_Still(1)
Sit_Typing_Lab                                      0.588          6  
Push_Up_Lab                                         0.750          2  
Washing_Dishes_Lab                                  0.800          0  
Arm_Curls_Lab                                       0.857          0  
Lying_On_Stomach_Lab                                0.909          2  Sitting_Still(1), Sitting_With_Movement(1)
Ab_Crunches_Lab                                     0.941          1  Standing_With_Movement(1)
Stationary_Biking_300_Lab                           0.957          1  Sitting_Still(1), Sitting_With_Movement(1)

All 40 classes ranked by F1 (ascending)

============================================================
Step 3: Estimating benefit of new sensor
============================================================
Loaded SimCLR encoder from /home/hle5/sensorIL/models/20260320-130313_simclr.pt | frozen | dim=96
Encoding FL data with known sensors (pseudo-labeling)...
[UnlabeledFLDataset] 437247 windows | sensors=['LeftWrist']
Encoding FL data with new sensor only (discriminability)...
[UnlabeledFLDataset] 437247 windows | sensors=['RightWrist']
Pseudo-labeling FL data...
  Ab_Crunches_Lab                               pseudo_labeled=723
  Arm_Curls_Lab                                 pseudo_labeled=11
  Chopping_Food_Lab                             pseudo_labeled=1635
  Folding_Clothes                               pseudo_labeled=1117
  Lying_On_Back_Lab                             pseudo_labeled=0
  Lying_On_Left_Side_Lab                        pseudo_labeled=1092
  Lying_On_Right_Side_Lab                       pseudo_labeled=114
  Lying_On_Stomach_Lab                          pseudo_labeled=1445
  Machine_Chest_Press_Lab                       pseudo_labeled=3
  Machine_Leg_Press_Lab                         pseudo_labeled=75
  Organizing_Shelf_Cabinet                      pseudo_labeled=547
  Playing_Frisbee                               pseudo_labeled=244
  Push_Up_Lab                                   pseudo_labeled=169
  Sit_Recline_Talk_Lab                          pseudo_labeled=1
  Sit_Recline_Web_Browse_Lab                    pseudo_labeled=1945
  Sit_Typing_Lab                                pseudo_labeled=900
  Sit_Writing_Lab                               pseudo_labeled=1
  Sitting_Still                                 pseudo_labeled=79406
  Sitting_With_Movement                         pseudo_labeled=21776
  Stand_Conversation_Lab                        pseudo_labeled=923
  Stand_Shelf_Load_Lab                          pseudo_labeled=88
  Stand_Shelf_Unload_Lab                        pseudo_labeled=390
  Standing_Still                                pseudo_labeled=16045
  Standing_With_Movement                        pseudo_labeled=15809
  Stationary_Biking_300_Lab                     pseudo_labeled=412
  Sweeping                                      pseudo_labeled=65
  Treadmill_2mph_Lab                            pseudo_labeled=93
  Treadmill_3mph_Briefcase_Lab                  pseudo_labeled=213
  Treadmill_3mph_Conversation_Lab               pseudo_labeled=5
  Treadmill_3mph_Drink_Lab                      pseudo_labeled=0
  Treadmill_3mph_Free_Walk_Lab                  pseudo_labeled=0
  Treadmill_3mph_Hands_Pockets_Lab              pseudo_labeled=227
  Treadmill_3mph_Phone_Lab                      pseudo_labeled=182
  Treadmill_4mph_Lab                            pseudo_labeled=2542
  Treadmill_5_5mph_Lab                          pseudo_labeled=20
  Vacuuming                                     pseudo_labeled=4660
  Walking                                       pseudo_labeled=22368
  Walking_Down_Stairs                           pseudo_labeled=896
  Walking_Up_Stairs                             pseudo_labeled=754
  Washing_Dishes_Lab                            pseudo_labeled=23584

Class                                             1-F1   Direct    Oppos      α  Discrim  Benefit  Formula
──────────────────────────────────────────────────────────────────────────────────────────────────────────────
Treadmill_4mph_Lab                               1.000   0.3644   0.0702   1.00   0.3644   1.3644  conf+discrim
Stand_Conversation_Lab                           1.000   0.2176   0.2354   1.00   0.2176   1.2176  conf+discrim
Standing_With_Movement                           0.965   0.2046   0.2287   1.00   0.2046   1.1695  conf+discrim
Walking_Down_Stairs                              0.846   0.3193   0.0076   1.00   0.3193   1.1654  conf+discrim
Lying_On_Right_Side_Lab                          1.000   0.1236   0.0000   1.00   0.1236   1.1236  conf+discrim
Stand_Shelf_Load_Lab                             1.000   0.0902   0.0000   1.00   0.0902   1.0902  conf+discrim
Treadmill_2mph_Lab                               1.000   0.0696   0.0035   1.00   0.0696   1.0696  conf+discrim
Sweeping                                         1.000   0.0124   0.0171   1.00   0.0124   1.0124  conf+discrim
Sit_Writing_Lab                                  1.000   0.0000   0.0094   0.10   0.0085   1.0085  conf+discrim
Standing_Still                                   1.000   0.0076   0.0000   1.00   0.0076   1.0076  conf+discrim
Lying_On_Back_Lab                                1.000   0.0000   0.0000   0.00   0.0000   1.0000  conf only
Machine_Leg_Press_Lab                            1.000   0.0000   0.0000   1.00   0.0000   1.0000  conf only
Treadmill_3mph_Briefcase_Lab                     1.000   0.0000   0.0000   1.00   0.0000   1.0000  conf only
Treadmill_3mph_Conversation_Lab                  1.000   0.0000   0.0000   0.50   0.0000   1.0000  conf only
Treadmill_3mph_Drink_Lab                         1.000   0.0000   0.0000   0.00   0.0000   1.0000  conf only
Treadmill_3mph_Free_Walk_Lab                     1.000   0.0000   0.0000   0.00   0.0000   1.0000  conf only
Treadmill_3mph_Hands_Pockets_Lab                 1.000   0.0000   0.0000   1.00   0.0000   1.0000  conf only
Treadmill_3mph_Phone_Lab                         1.000   0.0000   0.0000   1.00   0.0000   1.0000  conf only
Treadmill_5_5mph_Lab                             1.000   0.0000   0.0000   1.00   0.0000   1.0000  conf only
Walking_Up_Stairs                                1.000   0.0000   0.0000   1.00   0.0000   1.0000  conf only
Lying_On_Left_Side_Lab                           0.846   0.1300   0.0000   1.00   0.1300   0.9762  conf+discrim
Sitting_With_Movement                            0.818   0.1088   0.0148   1.00   0.1088   0.9269  conf+discrim
Folding_Clothes                                  0.846   0.0783   0.1046   1.00   0.0783   0.9245  conf+discrim
Stand_Shelf_Unload_Lab                           0.714   0.1781   0.0000   1.00   0.1781   0.8924  conf+discrim
Walking                                          0.856   0.0000   0.0000   1.00   0.0000   0.8563  conf only
Sit_Recline_Talk_Lab                             0.846   0.0000   0.0000   0.10   0.0000   0.8462  conf only
Sit_Recline_Web_Browse_Lab                       0.846   0.0000   0.0000   1.00   0.0000   0.8462  conf only
Vacuuming                                        0.765   0.0361   0.0000   1.00   0.0361   0.8008  conf+discrim
Organizing_Shelf_Cabinet                         0.600   0.1073   0.0000   1.00   0.1073   0.7073  conf+discrim
Machine_Chest_Press_Lab                          0.667   0.0000   0.0000   0.30   0.0000   0.6667  conf only
Sitting_Still                                    0.651   0.0000   0.0000   1.00   0.0000   0.6508  conf only
Chopping_Food_Lab                                0.500   0.0273   0.0000   1.00   0.0273   0.5273  conf+discrim
Playing_Frisbee                                  0.412   0.0181   0.0171   1.00   0.0181   0.4299  conf+discrim
Sit_Typing_Lab                                   0.412   0.0000   0.0000   1.00   0.0000   0.4118  conf only
Push_Up_Lab                                      0.250   0.0000   0.0000   1.00   0.0000   0.2500  conf only
Lying_On_Stomach_Lab                             0.091   0.1352   0.1235   1.00   0.1352   0.2261  conf+discrim
Washing_Dishes_Lab                               0.200   0.0000   0.0000   1.00   0.0000   0.2000  conf only
Arm_Curls_Lab                                    0.143   0.0000   0.0000   1.00   0.0000   0.1429  conf only
Stationary_Biking_300_Lab                        0.043   0.0648   0.1235   1.00   0.0648   0.1083  conf+discrim
Ab_Crunches_Lab                                  0.059   0.0035   0.0000   1.00   0.0035   0.0623  conf+discrim

Elbow at rank 27 (score=0.8462)
Classes selected for re-annotation (27): ['Treadmill_4mph_Lab', 'Stand_Conversation_Lab', 'Standing_With_Movement', 'Walking_Down_Stairs', 'Lying_On_Right_Side_Lab', 'Stand_Shelf_Load_Lab', 'Treadmill_2mph_Lab', 'Sweeping', 'Sit_Writing_Lab', 'Standing_Still', 'Lying_On_Back_Lab', 'Machine_Leg_Press_Lab', 'Treadmill_3mph_Briefcase_Lab', 'Treadmill_3mph_Conversation_Lab', 'Treadmill_3mph_Drink_Lab', 'Treadmill_3mph_Free_Walk_Lab', 'Treadmill_3mph_Hands_Pockets_Lab', 'Treadmill_3mph_Phone_Lab', 'Treadmill_5_5mph_Lab', 'Walking_Up_Stairs', 'Lying_On_Left_Side_Lab', 'Sitting_With_Movement', 'Folding_Clothes', 'Stand_Shelf_Unload_Lab', 'Walking', 'Sit_Recline_Talk_Lab', 'Sit_Recline_Web_Browse_Lab']
  Target classes (27): ['Treadmill_4mph_Lab', 'Stand_Conversation_Lab', 'Standing_With_Movement', 'Walking_Down_Stairs', 'Lying_On_Right_Side_Lab', 'Stand_Shelf_Load_Lab', 'Treadmill_2mph_Lab', 'Sweeping', 'Sit_Writing_Lab', 'Standing_Still', 'Lying_On_Back_Lab', 'Machine_Leg_Press_Lab', 'Treadmill_3mph_Briefcase_Lab', 'Treadmill_3mph_Conversation_Lab', 'Treadmill_3mph_Drink_Lab', 'Treadmill_3mph_Free_Walk_Lab', 'Treadmill_3mph_Hands_Pockets_Lab', 'Treadmill_3mph_Phone_Lab', 'Treadmill_5_5mph_Lab', 'Walking_Up_Stairs', 'Lying_On_Left_Side_Lab', 'Sitting_With_Movement', 'Folding_Clothes', 'Stand_Shelf_Unload_Lab', 'Walking', 'Sit_Recline_Talk_Lab', 'Sit_Recline_Web_Browse_Lab']
  [cached] oracle checkpoint
Loaded SimCLR encoder from /home/hle5/sensorIL/models/20260320-130313_simclr.pt | frozen | dim=96
[SensorDataset:val] 450 windows | 40 classes | sensors=['LeftWrist']
[SensorDataset:val] 450 windows | 40 classes | sensors=['LeftWrist', 'RightWrist']
Loaded SimCLR encoder from /home/hle5/sensorIL/models/20260320-130313_simclr.pt | frozen | dim=96
[SensorDataset:all] 10673 windows | 40 classes | sensors=['LeftWrist']
[SensorDataset:all] 10673 windows | 40 classes | sensors=['LeftWrist', 'RightWrist']

  Budget=5 (5 classes): ['Treadmill_4mph_Lab', 'Stand_Conversation_Lab', 'Standing_With_Movement', 'Walking_Down_Stairs', 'Lying_On_Right_Side_Lab']

============================================================
Step 5: Incremental fine-tuning
============================================================
Target classes (5): ['Treadmill_4mph_Lab', 'Stand_Conversation_Lab', 'Standing_With_Movement', 'Walking_Down_Stairs', 'Lying_On_Right_Side_Lab']
Loaded SimCLR encoder from /home/hle5/sensorIL/models/20260320-130313_simclr.pt | frozen | dim=96

Building FL cluster index...
  Encoding FL data with known sensors...
[UnlabeledFLDataset] 437247 windows | sensors=['LeftWrist']
  Encoding FL data with all sensors...
[UnlabeledFLDataset] 437247 windows | sensors=['LeftWrist', 'RightWrist']
  Clustering into 40 clusters...
  Cluster sizes: min=1626 max=53724 mean=10931

Computing P(class A) for FL windows...

Encoding new labeled data (n+1 sensors)...
[SensorDataset:train] 240 windows | 5 classes | sensors=['LeftWrist', 'RightWrist']
[SensorDataset:val] 60 windows | 5 classes | sensors=['LeftWrist', 'RightWrist']

Saved → /home/hle5/sensorIL/checkpoints/incremental_classifiers.pt
Loaded SimCLR encoder from /home/hle5/sensorIL/models/20260320-130313_simclr.pt | frozen | dim=96
[SensorDataset:val] 450 windows | 40 classes | sensors=['LeftWrist']
[SensorDataset:val] 450 windows | 40 classes | sensors=['LeftWrist', 'RightWrist']

====================================================================================================
  Per-class F1 comparison  (5 classes re-labeled for Proposed)
====================================================================================================
  Activity                                       Baseline  Proposed    Oracle   Δ Prop   Δ Orac  Target
  ───────────────────────────────────────────── ───────── ───────── ───────── ──────── ────────  ──────
  Ab_Crunches_Lab                                   0.585     0.585     0.635   +0.000   +0.050       
  Arm_Curls_Lab                                     0.977     0.977     0.933   +0.000   -0.043       
  Chopping_Food_Lab                                 0.422     0.422     0.803   +0.000   +0.381       
  Folding_Clothes                                   0.745     0.745     0.796   +0.000   +0.051       
  Lying_On_Back_Lab                                 0.451     0.451     0.464   +0.000   +0.014       
  Lying_On_Left_Side_Lab                            0.491     0.491     0.559   +0.000   +0.069       
  Lying_On_Right_Side_Lab                           0.161     0.815     0.906   +0.654   +0.745  ◀◀◀  
  Lying_On_Stomach_Lab                              0.840     0.840     0.824   +0.000   -0.015       
  Machine_Chest_Press_Lab                           0.981     0.981     0.945   +0.000   -0.036       
  Machine_Leg_Press_Lab                             0.097     0.097     0.298   +0.000   +0.201       
  Organizing_Shelf_Cabinet                          0.687     0.687     0.650   +0.000   -0.037       
  Playing_Frisbee                                   0.724     0.724     0.851   +0.000   +0.127       
  Push_Up_Lab                                       0.750     0.750     0.531   +0.000   -0.219       
  Sit_Recline_Talk_Lab                              0.274     0.274     0.485   +0.000   +0.211       
  Sit_Recline_Web_Browse_Lab                        0.331     0.331     0.344   +0.000   +0.013       
  Sit_Typing_Lab                                    0.720     0.720     0.719   +0.000   -0.001       
  Sit_Writing_Lab                                   0.205     0.205     0.546   +0.000   +0.341       
  Sitting_Still                                     0.658     0.658     0.701   +0.000   +0.043       
  Sitting_With_Movement                             0.600     0.600     0.594   +0.000   -0.006       
  Stand_Conversation_Lab                            0.175     0.299     0.218   +0.124   +0.043  ◀◀◀  
  Stand_Shelf_Load_Lab                              0.536     0.536     0.620   +0.000   +0.084       
  Stand_Shelf_Unload_Lab                            0.833     0.833     0.763   +0.000   -0.070       
  Standing_Still                                    0.480     0.480     0.531   +0.000   +0.051       
  Standing_With_Movement                            0.694     0.644     0.571   -0.050   -0.123  ◀◀◀  
  Stationary_Biking_300_Lab                         0.847     0.847     0.875   +0.000   +0.029       
  Sweeping                                          0.640     0.640     0.761   +0.000   +0.121       
  Treadmill_2mph_Lab                                0.847     0.847     0.920   +0.000   +0.073       
  Treadmill_3mph_Briefcase_Lab                      0.715     0.715     0.976   +0.000   +0.261       
  Treadmill_3mph_Conversation_Lab                   0.487     0.487     0.512   +0.000   +0.026       
  Treadmill_3mph_Drink_Lab                          0.635     0.635     0.990   +0.000   +0.356       
  Treadmill_3mph_Free_Walk_Lab                      0.725     0.725     0.906   +0.000   +0.182       
  Treadmill_3mph_Hands_Pockets_Lab                  1.000     1.000     1.000   +0.000   +0.000       
  Treadmill_3mph_Phone_Lab                          0.725     0.725     0.787   +0.000   +0.062       
  Treadmill_4mph_Lab                                0.940     0.868     0.964   -0.072   +0.025  ◀◀◀  
  Treadmill_5_5mph_Lab                              1.000     1.000     1.000   +0.000   +0.000       
  Vacuuming                                         0.469     0.469     0.657   +0.000   +0.188       
  Walking                                           0.935     0.935     0.949   +0.000   +0.014       
  Walking_Down_Stairs                               0.894     0.223     0.939   -0.671   +0.045  ◀◀◀  
  Walking_Up_Stairs                                 0.630     0.630     0.715   +0.000   +0.085       
  Washing_Dishes_Lab                                0.631     0.631     0.695   +0.000   +0.065       
  ───────────────────────────────────────────── ───────── ───────── ───────── ──────── ────────
  MACRO F1                                         0.6384    0.6380    0.7234  -0.0004  +0.0851
  WEIGHTED F1                                      0.6926    0.6826    0.7182  -0.0100  +0.0256
====================================================================================================
  → Budget=5 | Baseline=0.6384 | Proposed=0.6380 (-0.0004) | Oracle=0.7234 (+0.0851) | %Oracle=25.7%

  Budget=10 (10 classes): ['Treadmill_4mph_Lab', 'Stand_Conversation_Lab', 'Standing_With_Movement', 'Walking_Down_Stairs', 'Lying_On_Right_Side_Lab', 'Stand_Shelf_Load_Lab', 'Treadmill_2mph_Lab', 'Sweeping', 'Sit_Writing_Lab', 'Standing_Still']

============================================================
Step 5: Incremental fine-tuning
============================================================
Target classes (10): ['Treadmill_4mph_Lab', 'Stand_Conversation_Lab', 'Standing_With_Movement', 'Walking_Down_Stairs', 'Lying_On_Right_Side_Lab', 'Stand_Shelf_Load_Lab', 'Treadmill_2mph_Lab', 'Sweeping', 'Sit_Writing_Lab', 'Standing_Still']
Loaded SimCLR encoder from /home/hle5/sensorIL/models/20260320-130313_simclr.pt | frozen | dim=96

Building FL cluster index...
  Encoding FL data with known sensors...
[UnlabeledFLDataset] 437247 windows | sensors=['LeftWrist']
  Encoding FL data with all sensors...
[UnlabeledFLDataset] 437247 windows | sensors=['LeftWrist', 'RightWrist']
  Clustering into 40 clusters...
  Cluster sizes: min=1626 max=53724 mean=10931

Computing P(class A) for FL windows...

Encoding new labeled data (n+1 sensors)...
[SensorDataset:train] 480 windows | 10 classes | sensors=['LeftWrist', 'RightWrist']
[SensorDataset:val] 120 windows | 10 classes | sensors=['LeftWrist', 'RightWrist']

Saved → /home/hle5/sensorIL/checkpoints/incremental_classifiers.pt
Loaded SimCLR encoder from /home/hle5/sensorIL/models/20260320-130313_simclr.pt | frozen | dim=96
[SensorDataset:val] 450 windows | 40 classes | sensors=['LeftWrist']
[SensorDataset:val] 450 windows | 40 classes | sensors=['LeftWrist', 'RightWrist']

====================================================================================================
  Per-class F1 comparison  (10 classes re-labeled for Proposed)
====================================================================================================
  Activity                                       Baseline  Proposed    Oracle   Δ Prop   Δ Orac  Target
  ───────────────────────────────────────────── ───────── ───────── ───────── ──────── ────────  ──────
  Ab_Crunches_Lab                                   0.585     0.585     0.635   +0.000   +0.050       
  Arm_Curls_Lab                                     0.977     0.977     0.933   +0.000   -0.043       
  Chopping_Food_Lab                                 0.422     0.422     0.803   +0.000   +0.381       
  Folding_Clothes                                   0.745     0.745     0.796   +0.000   +0.051       
  Lying_On_Back_Lab                                 0.451     0.451     0.464   +0.000   +0.014       
  Lying_On_Left_Side_Lab                            0.491     0.491     0.559   +0.000   +0.069       
  Lying_On_Right_Side_Lab                           0.161     0.924     0.906   +0.763   +0.745  ◀◀◀  
  Lying_On_Stomach_Lab                              0.840     0.840     0.824   +0.000   -0.015       
  Machine_Chest_Press_Lab                           0.981     0.981     0.945   +0.000   -0.036       
  Machine_Leg_Press_Lab                             0.097     0.097     0.298   +0.000   +0.201       
  Organizing_Shelf_Cabinet                          0.687     0.687     0.650   +0.000   -0.037       
  Playing_Frisbee                                   0.724     0.724     0.851   +0.000   +0.127       
  Push_Up_Lab                                       0.750     0.750     0.531   +0.000   -0.219       
  Sit_Recline_Talk_Lab                              0.274     0.274     0.485   +0.000   +0.211       
  Sit_Recline_Web_Browse_Lab                        0.331     0.331     0.344   +0.000   +0.013       
  Sit_Typing_Lab                                    0.720     0.720     0.719   +0.000   -0.001       
  Sit_Writing_Lab                                   0.205     0.691     0.546   +0.486   +0.341  ◀◀◀  
  Sitting_Still                                     0.658     0.658     0.701   +0.000   +0.043       
  Sitting_With_Movement                             0.600     0.600     0.594   +0.000   -0.006       
  Stand_Conversation_Lab                            0.175     0.182     0.218   +0.007   +0.043  ◀◀◀  
  Stand_Shelf_Load_Lab                              0.536     0.569     0.620   +0.033   +0.084  ◀◀◀  
  Stand_Shelf_Unload_Lab                            0.833     0.833     0.763   +0.000   -0.070       
  Standing_Still                                    0.480     0.391     0.531   -0.089   +0.051  ◀◀◀  
  Standing_With_Movement                            0.694     0.593     0.571   -0.102   -0.123  ◀◀◀  
  Stationary_Biking_300_Lab                         0.847     0.847     0.875   +0.000   +0.029       
  Sweeping                                          0.640     0.554     0.761   -0.086   +0.121  ◀◀◀  
  Treadmill_2mph_Lab                                0.847     0.846     0.920   -0.001   +0.073  ◀◀◀  
  Treadmill_3mph_Briefcase_Lab                      0.715     0.715     0.976   +0.000   +0.261       
  Treadmill_3mph_Conversation_Lab                   0.487     0.487     0.512   +0.000   +0.026       
  Treadmill_3mph_Drink_Lab                          0.635     0.635     0.990   +0.000   +0.356       
  Treadmill_3mph_Free_Walk_Lab                      0.725     0.725     0.906   +0.000   +0.182       
  Treadmill_3mph_Hands_Pockets_Lab                  1.000     1.000     1.000   +0.000   +0.000       
  Treadmill_3mph_Phone_Lab                          0.725     0.725     0.787   +0.000   +0.062       
  Treadmill_4mph_Lab                                0.940     0.911     0.964   -0.028   +0.025  ◀◀◀  
  Treadmill_5_5mph_Lab                              1.000     1.000     1.000   +0.000   +0.000       
  Vacuuming                                         0.469     0.469     0.657   +0.000   +0.188       
  Walking                                           0.935     0.935     0.949   +0.000   +0.014       
  Walking_Down_Stairs                               0.894     0.209     0.939   -0.685   +0.045  ◀◀◀  
  Walking_Up_Stairs                                 0.630     0.630     0.715   +0.000   +0.085       
  Washing_Dishes_Lab                                0.631     0.631     0.695   +0.000   +0.065       
  ───────────────────────────────────────────── ───────── ───────── ───────── ──────── ────────
  MACRO F1                                         0.6384    0.6458    0.7234  +0.0074  +0.0851
  WEIGHTED F1                                      0.6926    0.6727    0.7182  -0.0199  +0.0256
====================================================================================================
  → Budget=10 | Baseline=0.6384 | Proposed=0.6458 (+0.0074) | Oracle=0.7234 (+0.0851) | %Oracle=0.9%

  Budget=15 (15 classes): ['Treadmill_4mph_Lab', 'Stand_Conversation_Lab', 'Standing_With_Movement', 'Walking_Down_Stairs', 'Lying_On_Right_Side_Lab', 'Stand_Shelf_Load_Lab', 'Treadmill_2mph_Lab', 'Sweeping', 'Sit_Writing_Lab', 'Standing_Still', 'Lying_On_Back_Lab', 'Machine_Leg_Press_Lab', 'Treadmill_3mph_Briefcase_Lab', 'Treadmill_3mph_Conversation_Lab', 'Treadmill_3mph_Drink_Lab']

============================================================
Step 5: Incremental fine-tuning
============================================================
Target classes (15): ['Treadmill_4mph_Lab', 'Stand_Conversation_Lab', 'Standing_With_Movement', 'Walking_Down_Stairs', 'Lying_On_Right_Side_Lab', 'Stand_Shelf_Load_Lab', 'Treadmill_2mph_Lab', 'Sweeping', 'Sit_Writing_Lab', 'Standing_Still', 'Lying_On_Back_Lab', 'Machine_Leg_Press_Lab', 'Treadmill_3mph_Briefcase_Lab', 'Treadmill_3mph_Conversation_Lab', 'Treadmill_3mph_Drink_Lab']
Loaded SimCLR encoder from /home/hle5/sensorIL/models/20260320-130313_simclr.pt | frozen | dim=96

Building FL cluster index...
  Encoding FL data with known sensors...
[UnlabeledFLDataset] 437247 windows | sensors=['LeftWrist']
  Encoding FL data with all sensors...
[UnlabeledFLDataset] 437247 windows | sensors=['LeftWrist', 'RightWrist']
  Clustering into 40 clusters...
  Cluster sizes: min=1626 max=53724 mean=10931

Computing P(class A) for FL windows...

Encoding new labeled data (n+1 sensors)...
[SensorDataset:train] 701 windows | 15 classes | sensors=['LeftWrist', 'RightWrist']
[SensorDataset:val] 175 windows | 15 classes | sensors=['LeftWrist', 'RightWrist']
